[
  {
    "message": "Tablet 1 Connected to master",
    "timeStamp": 1622947525388
  },
  {
    "message": "Tablet 1 Listening to client...",
    "timeStamp": 1622947525428
  },
  {
    "message": "Tablet 1 connected to client => id: dnFAGQk0UTaV76XZAAAA",
    "timeStamp": 1622947525594
  },
  {
    "message": "Tablet 1 connected to client => id: qlg-kQlL9q5JBlTDAAAC",
    "timeStamp": 1622947525602
  },
  {
    "message": "Tablet 1 got metadata",
    "metaData": {
      "_id": "60bbfcbfacb5c534a0eaade2",
      "tablet1Documents": 603,
      "tablet2Documents": 606,
      "tablet3Documents": 612,
      "tablet1KeyRange": {
        "start": 1,
        "end": 649
      },
      "tablet2KeyRange": {
        "start": 650,
        "end": 1345
      },
      "tablet3KeyRange": {
        "start": 1346,
        "end": 2009
      }
    },
    "timeStamp": 1622947525625
  },
  {
    "message": "Client (8080) : Sending request to delete row from data2000",
    "timeStamp": 1622947531160
  },
  {
    "message": "Client (8080) : Sending request to delete row from data4,5",
    "timeStamp": 1622947531160
  },
  {
    "message": "client => id: qlg-kQlL9q5JBlTDAAAC requested Delete Row ",
    "timeStamp": 1622947531161
  },
  {
    "message": "client => id: qlg-kQlL9q5JBlTDAAAC acquired the lock ",
    "timeStamp": 1622947531162
  },
  {
    "message": "client => id: Qd1SJYEV5OqEIoTlAAAC requested Delete Row ",
    "timeStamp": 1622947531162
  },
  {
    "message": "client => id: Qd1SJYEV5OqEIoTlAAAC acquired the lock ",
    "timeStamp": 1622947531163
  },
  {
    "message": "client => id: Qd1SJYEV5OqEIoTlAAAC requested Delete Row from Tablet 2  => Error: No Anime Was Deleted ",
    "timeStamp": 1622947531504
  },
  {
    "message": "client => id: Qd1SJYEV5OqEIoTlAAAC requested Delete Row to client from Tablet 2  => Succeeded",
    "timeStamp": 1622947531505
  },
  {
    "message": "client => id: Qd1SJYEV5OqEIoTlAAAC released the lock ",
    "timeStamp": 1622947531505
  },
  {
    "message": "Client (8080) : Delete row finished successfully",
    "DeleteRow": {
      "ids": [],
      "err": []
    },
    "timeStamp": 1622947531507
  },
  {
    "message": "client => id: qlg-kQlL9q5JBlTDAAAC requested Delete Row from Tablet 1  => Error: No Anime Was Deleted",
    "timeStamp": 1622947531853
  },
  {
    "message": "client => id: qlg-kQlL9q5JBlTDAAAC requested Delete Row from Tablet 1  => Error: No Anime Was Deleted",
    "timeStamp": 1622947531854
  },
  {
    "message": "client => id: qlg-kQlL9q5JBlTDAAAC requested Delete Row to client from Tablet 1  => Succeeded",
    "timeStamp": 1622947531855
  },
  {
    "message": "client => id: qlg-kQlL9q5JBlTDAAAC released the lock ",
    "timeStamp": 1622947531855
  },
  {
    "message": "Client (8080) : Delete row finished successfully",
    "DeleteRow": {
      "err": []
    },
    "timeStamp": 1622947531856
  },
  {
    "message": "Client (8080) : Sending request to delete row from data9,15,668",
    "timeStamp": 1622947658466
  },
  {
    "message": "Client (8080) : Sending request to delete row from data2000,1347",
    "timeStamp": 1622947658466
  },
  {
    "message": "client => id: qlg-kQlL9q5JBlTDAAAC requested Delete Row ",
    "timeStamp": 1622947658469
  },
  {
    "message": "client => id: qlg-kQlL9q5JBlTDAAAC acquired the lock ",
    "timeStamp": 1622947658469
  },
  {
    "message": "client => id: Qd1SJYEV5OqEIoTlAAAC requested Delete Row ",
    "timeStamp": 1622947658469
  },
  {
    "message": "client => id: Qd1SJYEV5OqEIoTlAAAC acquired the lock ",
    "timeStamp": 1622947658470
  },
  {
    "message": "client => id: Qd1SJYEV5OqEIoTlAAAC requested Delete Row to master from Tablet 2 => Succeeded",
    "timeStamp": 1622947658818
  },
  {
    "message": "client => id: Qd1SJYEV5OqEIoTlAAAC requested Delete Row to client from Tablet 2  => Succeeded",
    "timeStamp": 1622947658819
  },
  {
    "message": "client => id: Qd1SJYEV5OqEIoTlAAAC released the lock ",
    "timeStamp": 1622947658819
  },
  {
    "message": "Client (8080) : Delete row finished successfully",
    "DeleteRow": {
      "ids": [
        "1347"
      ],
      "err": [
        "2000"
      ]
    },
    "timeStamp": 1622947658821
  },
  {
    "message": "client => id: qlg-kQlL9q5JBlTDAAAC requested Delete Row to master from Tablet 1 => Succeeded",
    "timeStamp": 1622947659145
  },
  {
    "message": "client => id: qlg-kQlL9q5JBlTDAAAC requested Delete Row to master from Tablet 1 => Succeeded",
    "timeStamp": 1622947659146
  },
  {
    "message": "client => id: qlg-kQlL9q5JBlTDAAAC released the lock ",
    "timeStamp": 1622947659148
  },
  {
    "message": "client => id: qlg-kQlL9q5JBlTDAAAC requested Delete Row to client from Tablet 1  => Succeeded",
    "timeStamp": 1622947659148
  },
  {
    "message": "Client (8080) : Delete row finished successfully",
    "DeleteRow": {
      "err": [
        "9"
      ]
    },
    "timeStamp": 1622947659148
  },
  {
    "message": "master updated and re-emitted the metadata",
    "timeStamp": 1622947662444
  },
  {
    "message": "Client (8080) Got metadata successfully",
    "metaData": {
      "_id": "60bbfcbfacb5c534a0eaade2",
      "tablet1Documents": 602,
      "tablet2Documents": 606,
      "tablet3Documents": 611,
      "tablet1KeyRange": {
        "start": 1,
        "end": 649
      },
      "tablet2KeyRange": {
        "start": 650,
        "end": 1345
      },
      "tablet3KeyRange": {
        "start": 1346,
        "end": 2009
      }
    },
    "timeStamp": 1622947662445
  },
  {
    "message": "Tablet 1 got metadata",
    "metaData": {
      "_id": "60bbfcbfacb5c534a0eaade2",
      "tablet1Documents": 602,
      "tablet2Documents": 606,
      "tablet3Documents": 611,
      "tablet1KeyRange": {
        "start": 1,
        "end": 649
      },
      "tablet2KeyRange": {
        "start": 650,
        "end": 1345
      },
      "tablet3KeyRange": {
        "start": 1346,
        "end": 2009
      }
    },
    "timeStamp": 1622947662445
  },
  {
    "message": "Client (8080) Got metadata successfully",
    "metaData": {
      "_id": "60bbfcbfacb5c534a0eaade2",
      "tablet1Documents": 602,
      "tablet2Documents": 606,
      "tablet3Documents": 611,
      "tablet1KeyRange": {
        "start": 1,
        "end": 649
      },
      "tablet2KeyRange": {
        "start": 650,
        "end": 1345
      },
      "tablet3KeyRange": {
        "start": 1346,
        "end": 2009
      }
    },
    "timeStamp": 1622947662445
  },
  {
    "message": "Tablet 2 got metadata",
    "metaData": {
      "_id": "60bbfcbfacb5c534a0eaade2",
      "tablet1Documents": 602,
      "tablet2Documents": 606,
      "tablet3Documents": 611,
      "tablet1KeyRange": {
        "start": 1,
        "end": 649
      },
      "tablet2KeyRange": {
        "start": 650,
        "end": 1345
      },
      "tablet3KeyRange": {
        "start": 1346,
        "end": 2009
      }
    },
    "timeStamp": 1622947662447
  },
  {
    "message": "master updated and re-emitted the metadata",
    "timeStamp": 1622947662671
  },
  {
    "message": "Client (8080) Got metadata successfully",
    "metaData": {
      "_id": "60bbfcbfacb5c534a0eaade2",
      "tablet1Documents": 603,
      "tablet2Documents": 605,
      "tablet3Documents": 611,
      "tablet1KeyRange": {
        "start": 1,
        "end": 649
      },
      "tablet2KeyRange": {
        "start": 650,
        "end": 1345
      },
      "tablet3KeyRange": {
        "start": 1346,
        "end": 2009
      }
    },
    "timeStamp": 1622947662672
  },
  {
    "message": "Tablet 1 got metadata",
    "metaData": {
      "_id": "60bbfcbfacb5c534a0eaade2",
      "tablet1Documents": 603,
      "tablet2Documents": 605,
      "tablet3Documents": 611,
      "tablet1KeyRange": {
        "start": 1,
        "end": 649
      },
      "tablet2KeyRange": {
        "start": 650,
        "end": 1345
      },
      "tablet3KeyRange": {
        "start": 1346,
        "end": 2009
      }
    },
    "timeStamp": 1622947662672
  },
  {
    "message": "Client (8080) Got metadata successfully",
    "metaData": {
      "_id": "60bbfcbfacb5c534a0eaade2",
      "tablet1Documents": 603,
      "tablet2Documents": 605,
      "tablet3Documents": 611,
      "tablet1KeyRange": {
        "start": 1,
        "end": 649
      },
      "tablet2KeyRange": {
        "start": 650,
        "end": 1345
      },
      "tablet3KeyRange": {
        "start": 1346,
        "end": 2009
      }
    },
    "timeStamp": 1622947662672
  },
  {
    "message": "Tablet 2 got metadata",
    "metaData": {
      "_id": "60bbfcbfacb5c534a0eaade2",
      "tablet1Documents": 603,
      "tablet2Documents": 605,
      "tablet3Documents": 611,
      "tablet1KeyRange": {
        "start": 1,
        "end": 649
      },
      "tablet2KeyRange": {
        "start": 650,
        "end": 1345
      },
      "tablet3KeyRange": {
        "start": 1346,
        "end": 2009
      }
    },
    "timeStamp": 1622947662674
  },
  {
    "message": "master updated and re-emitted the metadata",
    "timeStamp": 1622947662846
  },
  {
    "message": "Tablet 1 got metadata",
    "metaData": {
      "_id": "60bbfcbfacb5c534a0eaade2",
      "tablet1Documents": 603,
      "tablet2Documents": 605,
      "tablet3Documents": 611,
      "tablet1KeyRange": {
        "start": 1,
        "end": 649
      },
      "tablet2KeyRange": {
        "start": 650,
        "end": 1345
      },
      "tablet3KeyRange": {
        "start": 1346,
        "end": 2009
      }
    },
    "timeStamp": 1622947662847
  },
  {
    "message": "Client (8080) Got metadata successfully",
    "metaData": {
      "_id": "60bbfcbfacb5c534a0eaade2",
      "tablet1Documents": 603,
      "tablet2Documents": 605,
      "tablet3Documents": 611,
      "tablet1KeyRange": {
        "start": 1,
        "end": 649
      },
      "tablet2KeyRange": {
        "start": 650,
        "end": 1345
      },
      "tablet3KeyRange": {
        "start": 1346,
        "end": 2009
      }
    },
    "timeStamp": 1622947662847
  },
  {
    "message": "Client (8080) Got metadata successfully",
    "metaData": {
      "_id": "60bbfcbfacb5c534a0eaade2",
      "tablet1Documents": 603,
      "tablet2Documents": 605,
      "tablet3Documents": 611,
      "tablet1KeyRange": {
        "start": 1,
        "end": 649
      },
      "tablet2KeyRange": {
        "start": 650,
        "end": 1345
      },
      "tablet3KeyRange": {
        "start": 1346,
        "end": 2009
      }
    },
    "timeStamp": 1622947662847
  },
  {
    "message": "Tablet 2 got metadata",
    "metaData": {
      "_id": "60bbfcbfacb5c534a0eaade2",
      "tablet1Documents": 603,
      "tablet2Documents": 605,
      "tablet3Documents": 611,
      "tablet1KeyRange": {
        "start": 1,
        "end": 649
      },
      "tablet2KeyRange": {
        "start": 650,
        "end": 1345
      },
      "tablet3KeyRange": {
        "start": 1346,
        "end": 2009
      }
    },
    "timeStamp": 1622947662849
  },
  {
    "message": "Client (8080) : Sending request to delete row from data2000",
    "timeStamp": 1622947709710
  },
  {
    "message": "client => id: Qd1SJYEV5OqEIoTlAAAC requested Delete Row ",
    "timeStamp": 1622947709712
  },
  {
    "message": "client => id: Qd1SJYEV5OqEIoTlAAAC acquired the lock ",
    "timeStamp": 1622947709712
  },
  {
    "message": "client => id: Qd1SJYEV5OqEIoTlAAAC requested Delete Row from Tablet 2  => Error: No Anime Was Deleted ",
    "timeStamp": 1622947710044
  },
  {
    "message": "client => id: Qd1SJYEV5OqEIoTlAAAC requested Delete Row to client from Tablet 2  => Succeeded",
    "timeStamp": 1622947710045
  },
  {
    "message": "client => id: Qd1SJYEV5OqEIoTlAAAC released the lock ",
    "timeStamp": 1622947710045
  },
  {
    "message": "Client (8080) : Delete row finished successfully",
    "DeleteRow": {
      "ids": [],
      "err": []
    },
    "timeStamp": 1622947710046
  },
  {
    "message": "client => id: RNUAebSrtGDz_xWtAAAL disconnected from master",
    "timeStamp": 1622947727284
  }
]